<?xml version="1.0" encoding="UTF-8"?>
<!-- Generated by org.testng.reporters.JUnitXMLReporter -->
<testsuite hostname="AVE-LAP-329" ignored="0" name="Default test" tests="3" failures="0" timestamp="2021-03-27T07:22:46 EET" time="11.416" errors="0">
  <testcase name="UserCanRegisterSuccssfully" time="5.165" classname="tests.UserRegistrationTest"/>
  <testcase name="RegisteredUserCanLogout" time="2.078" classname="tests.UserRegistrationTest"/>
  <testcase name="RegisteredUserCanLogin" time="4.034" classname="tests.UserRegistrationTest"/>
</testsuite> <!-- Default test -->
