<?xml version="1.0" encoding="UTF-8"?>
<!-- Generated by org.testng.reporters.JUnitXMLReporter -->
<testsuite hostname="AVE-LAP-329" ignored="0" name="Regression Test" tests="3" failures="0" timestamp="27 Mar 2021 22:30:13 GMT" time="7.582" errors="0">
  <testcase name="UserCanRegisterSuccssfully" time="4.833" classname="tests.UserRegistrationTest"/>
  <testcase name="RegisteredUserCanLogout" time="0.94" classname="tests.UserRegistrationTest"/>
  <testcase name="RegisteredUserCanLogin" time="1.695" classname="tests.UserRegistrationTest"/>
</testsuite> <!-- Regression Test -->
