<?xml version="1.0" encoding="UTF-8"?>
<testng-results skipped="0" failed="0" ignored="0" total="3" passed="3">
  <reporter-output>
  </reporter-output>
  <suite name="Regression Suite" duration-ms="7582" started-at="2021-03-27T22:30:06Z" finished-at="2021-03-27T22:30:13Z">
    <groups>
    </groups>
    <test name="Regression Test" duration-ms="7582" started-at="2021-03-27T22:30:06Z" finished-at="2021-03-27T22:30:13Z">
      <class name="tests.UserRegistrationTest">
        <test-method status="PASS" signature="startDriver(java.lang.String)[pri:0, instance:tests.UserRegistrationTest@5cdf61d]" name="startDriver" is-config="true" duration-ms="8190" started-at="2021-03-27T22:29:58Z" finished-at="2021-03-27T22:30:06Z">
          <params>
            <param index="0">
              <value>
                <![CDATA[firefox]]>
              </value>
            </param>
          </params>
          <reporter-output>
          </reporter-output>
        </test-method> <!-- startDriver -->
        <test-method status="PASS" signature="UserCanRegisterSuccssfully()[pri:1, instance:tests.UserRegistrationTest@5cdf61d]" name="UserCanRegisterSuccssfully" duration-ms="4833" started-at="2021-03-27T22:30:06Z" finished-at="2021-03-27T22:30:11Z">
          <reporter-output>
          </reporter-output>
        </test-method> <!-- UserCanRegisterSuccssfully -->
        <test-method status="PASS" signature="screenshotOnFailure(org.testng.ITestResult)[pri:0, instance:tests.UserRegistrationTest@5cdf61d]" name="screenshotOnFailure" is-config="true" duration-ms="1" started-at="2021-03-27T22:30:11Z" finished-at="2021-03-27T22:30:11Z">
          <params>
            <param index="0">
              <value>
                <![CDATA[[TestResult name=UserCanRegisterSuccssfully status=SUCCESS method=UserRegistrationTest.UserCanRegisterSuccssfully()[pri:1, instance:tests.UserRegistrationTest@5cdf61d] output={null}]]]>
              </value>
            </param>
          </params>
          <reporter-output>
          </reporter-output>
        </test-method> <!-- screenshotOnFailure -->
        <test-method status="PASS" signature="RegisteredUserCanLogout()[pri:0, instance:tests.UserRegistrationTest@5cdf61d]" name="RegisteredUserCanLogout" duration-ms="940" started-at="2021-03-27T22:30:11Z" depends-on-methods="tests.UserRegistrationTest.UserCanRegisterSuccssfully" finished-at="2021-03-27T22:30:12Z">
          <reporter-output>
          </reporter-output>
        </test-method> <!-- RegisteredUserCanLogout -->
        <test-method status="PASS" signature="screenshotOnFailure(org.testng.ITestResult)[pri:0, instance:tests.UserRegistrationTest@5cdf61d]" name="screenshotOnFailure" is-config="true" duration-ms="0" started-at="2021-03-27T22:30:12Z" finished-at="2021-03-27T22:30:12Z">
          <params>
            <param index="0">
              <value>
                <![CDATA[[TestResult name=RegisteredUserCanLogout status=SUCCESS method=UserRegistrationTest.RegisteredUserCanLogout()[pri:0, instance:tests.UserRegistrationTest@5cdf61d] output={null}]]]>
              </value>
            </param>
          </params>
          <reporter-output>
          </reporter-output>
        </test-method> <!-- screenshotOnFailure -->
        <test-method status="PASS" signature="RegisteredUserCanLogin()[pri:0, instance:tests.UserRegistrationTest@5cdf61d]" name="RegisteredUserCanLogin" duration-ms="1695" started-at="2021-03-27T22:30:12Z" depends-on-methods="tests.UserRegistrationTest.RegisteredUserCanLogout" finished-at="2021-03-27T22:30:13Z">
          <reporter-output>
          </reporter-output>
        </test-method> <!-- RegisteredUserCanLogin -->
        <test-method status="PASS" signature="screenshotOnFailure(org.testng.ITestResult)[pri:0, instance:tests.UserRegistrationTest@5cdf61d]" name="screenshotOnFailure" is-config="true" duration-ms="1" started-at="2021-03-27T22:30:13Z" finished-at="2021-03-27T22:30:13Z">
          <params>
            <param index="0">
              <value>
                <![CDATA[[TestResult name=RegisteredUserCanLogin status=SUCCESS method=UserRegistrationTest.RegisteredUserCanLogin()[pri:0, instance:tests.UserRegistrationTest@5cdf61d] output={null}]]]>
              </value>
            </param>
          </params>
          <reporter-output>
          </reporter-output>
        </test-method> <!-- screenshotOnFailure -->
        <test-method status="PASS" signature="stopDriver()[pri:0, instance:tests.UserRegistrationTest@5cdf61d]" name="stopDriver" is-config="true" duration-ms="941" started-at="2021-03-27T22:30:13Z" finished-at="2021-03-27T22:30:14Z">
          <reporter-output>
          </reporter-output>
        </test-method> <!-- stopDriver -->
      </class> <!-- tests.UserRegistrationTest -->
    </test> <!-- Regression Test -->
  </suite> <!-- Regression Suite -->
</testng-results>
