<?xml version="1.0" encoding="UTF-8"?>
<testsuite xmlns:xsi="http://www.w3.org/2001/XMLSchema-instance" xsi:noNamespaceSchemaLocation="https://maven.apache.org/surefire/maven-surefire-plugin/xsd/surefire-test-report-3.0.xsd" version="3.0" name="TestSuite" time="20.363" tests="3" errors="0" skipped="0" failures="0">
  <properties>
[...]
</properties>
  <testcase name="UserCanRegisterSuccssfully" classname="tests.UserRegistrationTest" time="4.796">
    <system-out><![CDATA[[TestNGContentHandler] [WARN] It is strongly recommended to add "<!DOCTYPE suite SYSTEM "http://testng.org/testng-1.0.dtd" >" at the top of your file, otherwise TestNG may fail or not work as expected.
The Userr Data is : Michele Kassulke leilani.rowe@hotmail.com 51501116
]]></system-out>
    <system-err><![CDATA[SLF4J: Failed to load class "org.slf4j.impl.StaticLoggerBinder".
SLF4J: Defaulting to no-operation (NOP) logger implementation
SLF4J: See http://www.slf4j.org/codes.html#StaticLoggerBinder for further details.
1616884198482	geckodriver	INFO	Listening on 127.0.0.1:23353
1616884199157	mozrunner::runner	INFO	Running command: "C:\\Program Files\\Mozilla Firefox\\firefox.exe" "--marionette" "-foreground" "-no-remote" "-profile" "C:\\Users\\AHMED~1.MOH\\AppData\\Local\\Temp\\rust_mozprofile6RYuOX"
console.warn: SearchSettings: "get: No settings file exists, new profile?" (new Error("", "(unknown module)"))
1616884202536	Marionette	INFO	Listening on port 58205
1616884202916	Marionette	WARN	TLS certificate errors will be ignored for this session
1616884202930	Marionette	ERROR	[15] No reply from Marionette:Register
Mar 28, 2021 12:30:02 AM org.openqa.selenium.remote.ProtocolHandshake createSession
INFO: Detected dialect: W3C
]]></system-err>
  </testcase>
  <testcase name="RegisteredUserCanLogout" classname="tests.UserRegistrationTest" time="0.941"/>
  <testcase name="RegisteredUserCanLogin" classname="tests.UserRegistrationTest" time="1.695"/>
</testsuite>